<?xml version="1.0" encoding="UTF-8"?>
<!-- Generated by org.testng.reporters.JUnitXMLReporter -->
<testsuite ignored="0" hostname="LAPTOP-CNSGLOJC" failures="1" tests="1" name="Keyword1" time="13.691" errors="0" timestamp="2023-03-23T20:04:25 IST">
  <testcase classname="TestNG.AssertionDemo" name="applyAssertions" time="13.628">
    <failure type="java.lang.AssertionError" message="The following asserts failed:
	Title Verified expected [Automation Testing Practic] but found [Automation Testing Practice]">
      <![CDATA[java.lang.AssertionError: The following asserts failed:
Title Verified expected [Automation Testing Practic] but found [Automation Testing Practice]
at TestNG.AssertionDemo.applyAssertions(AssertionDemo.java:43)
at java.base/java.util.ArrayList.forEach(ArrayList.java:1511)
... Removed 29 stack frames]]>
    </failure>
  </testcase> <!-- applyAssertions -->
</testsuite> <!-- Keyword1 -->
