<?xml version="1.0" encoding="UTF-8"?>
<!-- Generated by org.testng.reporters.JUnitXMLReporter -->
<testsuite ignored="0" hostname="LAPTOP-CNSGLOJC" failures="0" tests="5" name="Test" time="11.083" errors="0" timestamp="2023-03-26T19:35:52 IST">
  <testcase classname="TestNG.TestNGReportEx2" name="googleSearch" time="11.021"/>
  <testcase classname="TestNG.TestNGReportsExample" name="testMethod1" time="0.001"/>
  <testcase classname="TestNG.TestNGReportsExample" name="testMethod2" time="0.001"/>
  <testcase classname="TestNG.TestNGReportsExample" name="testMethod3" time="0.001"/>
  <testcase classname="TestNG.TestNGReportsExample" name="testMethod4" time="0.001"/>
</testsuite> <!-- Test -->
