<?xml version="1.0" encoding="UTF-8"?>
<testng-results ignored="0" total="1" passed="1" failed="0" skipped="0">
  <reporter-output>
  </reporter-output>
  <suite started-at="2022-06-27T18:16:03 IST" name="Default suite" finished-at="2022-06-27T18:16:17 IST" duration-ms="13609">
    <groups>
    </groups>
    <test started-at="2022-06-27T18:16:03 IST" name="Default test" finished-at="2022-06-27T18:16:17 IST" duration-ms="13609">
      <class name="Test.zerodhaPinPageTest">
        <test-method is-config="true" signature="launchBrowser()[pri:0, instance:Test.zerodhaPinPageTest@5d0a1059]" started-at="2022-06-27T18:16:03 IST" name="launchBrowser" finished-at="2022-06-27T18:16:15 IST" duration-ms="12217" status="PASS">
          <reporter-output>
          </reporter-output>
        </test-method> <!-- launchBrowser -->
        <test-method signature="loginToZerodhaWithPinTest()[pri:0, instance:Test.zerodhaPinPageTest@5d0a1059]" started-at="2022-06-27T18:16:15 IST" name="loginToZerodhaWithPinTest" finished-at="2022-06-27T18:16:17 IST" duration-ms="1349" status="PASS">
          <reporter-output>
          </reporter-output>
        </test-method> <!-- loginToZerodhaWithPinTest -->
      </class> <!-- Test.zerodhaPinPageTest -->
    </test> <!-- Default test -->
  </suite> <!-- Default suite -->
</testng-results>
