<?xml version="1.0" encoding="UTF-8"?>
<!-- Generated by org.testng.reporters.JUnitXMLReporter -->
<testsuite ignored="1" hostname="LAPTOP-CNSGLOJC" failures="0" tests="9" name="Test" time="75.227" errors="0" timestamp="2022-06-22T18:35:18 IST">
  <testcase classname="Test.zerodhaLoginPageTest" name="forgotPasswordLinkTest" time="0.129"/>
  <testcase classname="Test.zerodhaLoginPageTest" name="loginWithValidCredentialsTest" time="3.091"/>
  <testcase classname="Test.zerodhaLoginPageTest" name="signUpLinkTest" time="0.097"/>
  <testcase classname="Test.zerodhaPinPageTest" name="loginToZerodhaWithPinTest" time="1.439"/>
  <testcase classname="Test.zerodhaLoginSampleTest" name="testb" time="0.0"/>
  <testcase classname="Test.zerodhaLoginSampleTest" name="testb" time="0.0"/>
  <testcase classname="Test.zerodhaLoginSampleTest" name="testb" time="0.0"/>
  <testcase classname="Test.zerodhaLoginSampleTest" name="testa" time="0.008"/>
  <testcase classname="Test.zerodhaLoginSampleTest" name="testd" time="0.0"/>
  <testcase classname="Test.zerodhaLoginSampleTest" name="testc" time="0.0">
    <ignored/>
  </testcase> <!-- testc -->
</testsuite> <!-- Test -->
