<?xml version="1.0" encoding="UTF-8"?>
<!-- Generated by org.testng.reporters.JUnitXMLReporter -->
<testsuite ignored="4" hostname="LAPTOP-CNSGLOJC" failures="0" tests="2" name="Test" time="0.066" errors="0" timestamp="2023-03-21T11:11:26 IST">
  <testcase classname="TestNG.LoanDepartment" name="mobileLoginAutomobileLoan" time="0.013"/>
  <testcase classname="TestNG.LoanDepartment" name="mobileLoginPersonalLoan" time="0.002"/>
  <testcase classname="TestNG.LoanDepartment" name="webLoginPersonalLoan" time="0.0">
    <ignored/>
  </testcase> <!-- webLoginPersonalLoan -->
  <testcase classname="TestNG.LoanDepartment" name="WebLoginAutomobileLoan" time="0.0">
    <ignored/>
  </testcase> <!-- WebLoginAutomobileLoan -->
  <testcase classname="TestNG.LoanDepartment" name="APILoginPersonalLoan" time="0.0">
    <ignored/>
  </testcase> <!-- APILoginPersonalLoan -->
  <testcase classname="TestNG.LoanDepartment" name="APILoginAutomobileLoan" time="0.0">
    <ignored/>
  </testcase> <!-- APILoginAutomobileLoan -->
</testsuite> <!-- Test -->
