<?xml version="1.0" encoding="UTF-8"?>
<!-- Generated by org.testng.reporters.JUnitXMLReporter -->
<testsuite ignored="0" hostname="LAPTOP-CNSGLOJC" failures="0" tests="5" name="Sanity Testing" time="0.056" errors="0" timestamp="2023-03-27T10:53:10 IST">
  <testcase classname="batchTesting.HomeScreenTest" name="launchApplication" time="0.01"/>
  <testcase classname="batchTesting.HomeScreenTest" name="verifyLogo" time="0.001"/>
  <testcase classname="batchTesting.HomeScreenTest" name="verifyTitle" time="0.001"/>
  <testcase classname="batchTesting.LoginTest" name="loginByEmail" time="0.001"/>
  <testcase classname="batchTesting.LoginTest" name="loginByMobileNumber" time="0.001"/>
</testsuite> <!-- Sanity Testing -->
