<?xml version="1.0" encoding="UTF-8"?>
<!-- Generated by org.testng.reporters.JUnitXMLReporter -->
<testsuite ignored="0" hostname="LAPTOP-CNSGLOJC" failures="0" tests="5" name="Functional Testing" time="0.063" errors="0" timestamp="2023-03-27T10:54:28 IST">
  <testcase classname="batchTesting.PaymentTest" name="cashOnDelivery" time="0.01"/>
  <testcase classname="batchTesting.PaymentTest" name="netBanking" time="0.001"/>
  <testcase classname="batchTesting.ProductPageTest" name="AddProductToCart" time="0.001"/>
  <testcase classname="batchTesting.ProductPageTest" name="AddProductToWishlist" time="0.001"/>
  <testcase classname="batchTesting.ProductPageTest" name="SelectQuantity" time="0.001"/>
</testsuite> <!-- Functional Testing -->
