<?xml version="1.0" encoding="UTF-8"?>
<!-- Generated by org.testng.reporters.JUnitXMLReporter -->
<testsuite ignored="0" hostname="LAPTOP-CNSGLOJC" failures="0" tests="10" name="SanityTesting" time="0.022" errors="0" timestamp="2023-03-27T11:09:27 IST">
  <testcase classname="batchTesting.HomeScreenTest" name="launchApplication" time="0.002"/>
  <testcase classname="batchTesting.HomeScreenTest" name="verifyLogo" time="0.001"/>
  <testcase classname="batchTesting.HomeScreenTest" name="verifyTitle" time="0.001"/>
  <testcase classname="batchTesting.PaymentTest" name="cashOnDelivery" time="0.001"/>
  <testcase classname="batchTesting.PaymentTest" name="netBanking" time="0.001"/>
  <testcase classname="batchTesting.ProductPageTest" name="AddProductToCart" time="0.001"/>
  <testcase classname="batchTesting.ProductPageTest" name="AddProductToWishlist" time="0.001"/>
  <testcase classname="batchTesting.ProductPageTest" name="SelectQuantity" time="0.001"/>
  <testcase classname="batchTesting.LoginTest" name="loginByEmail" time="0.001"/>
  <testcase classname="batchTesting.LoginTest" name="loginByMobileNumber" time="0.001"/>
</testsuite> <!-- SanityTesting -->
