<?xml version="1.0" encoding="UTF-8"?>
<!-- Generated by org.testng.reporters.JUnitXMLReporter -->
<testsuite ignored="0" hostname="LAPTOP-CNSGLOJC" failures="0" tests="2" name="Default test" time="25.921" errors="0" timestamp="2023-03-26T14:00:05 IST">
  <testcase classname="dataDrivenTestingDemo.DataProviderWithExcel" name="searchKeyword" time="7.867"/>
  <testcase classname="dataDrivenTestingDemo.DataProviderWithExcel" name="searchKeyword" time="2.789"/>
</testsuite> <!-- Default test -->
